<?xml version="1.0" encoding="UTF-8"?>
<testng-results skipped="2" failed="2" ignored="0" total="4" passed="0">
  <reporter-output>
  </reporter-output>
  <suite name="Nopcommerce" duration-ms="47506" started-at="2020-09-26T09:04:47Z" finished-at="2020-09-26T09:05:35Z">
    <groups>
    </groups>
    <test name="Run on FIREFOX UI" duration-ms="11784" started-at="2020-09-26T09:04:47Z" finished-at="2020-09-26T09:04:59Z">
      <class name="tiki.atantis.user.Register">
        <test-method status="FAIL" signature="before(java.lang.String)[pri:0, instance:tiki.atantis.user.Register@7c16905e]" name="before" is-config="true" duration-ms="11751" started-at="2020-09-26T09:04:47Z" finished-at="2020-09-26T09:04:59Z">
          <params>
            <param index="0">
              <value>
                <![CDATA[firefox_ui]]>
              </value>
            </param>
          </params>
          <exception class="java.lang.NoClassDefFoundError">
            <message>
              <![CDATA[org/apache/commons/compress/archivers/ArchiveException]]>
            </message>
            <full-stacktrace>
              <![CDATA[java.lang.NoClassDefFoundError: org/apache/commons/compress/archivers/ArchiveException
at org.rauschig.jarchivelib.ArchiverFactory.createArchiver(ArchiverFactory.java:97)
at io.github.bonigarcia.wdm.online.Downloader.unTarGz(Downloader.java:268)
at io.github.bonigarcia.wdm.online.Downloader.extract(Downloader.java:183)
at io.github.bonigarcia.wdm.online.Downloader.downloadAndExtract(Downloader.java:134)
at io.github.bonigarcia.wdm.online.Downloader.download(Downloader.java:88)
at io.github.bonigarcia.wdm.WebDriverManager.download(WebDriverManager.java:630)
at io.github.bonigarcia.wdm.WebDriverManager.manage(WebDriverManager.java:549)
at io.github.bonigarcia.wdm.WebDriverManager.setup(WebDriverManager.java:285)
at commons.AbstractTest.getBrowserDriver(AbstractTest.java:22)
at tiki.atantis.user.Register.before(Register.java:36)
at sun.reflect.NativeMethodAccessorImpl.invoke0(Native Method)
at sun.reflect.NativeMethodAccessorImpl.invoke(NativeMethodAccessorImpl.java:62)
at sun.reflect.DelegatingMethodAccessorImpl.invoke(DelegatingMethodAccessorImpl.java:43)
at java.lang.reflect.Method.invoke(Method.java:498)
at org.testng.internal.MethodInvocationHelper.invokeMethod(MethodInvocationHelper.java:124)
at org.testng.internal.MethodInvocationHelper.invokeMethodConsideringTimeout(MethodInvocationHelper.java:59)
at org.testng.internal.Invoker.invokeConfigurationMethod(Invoker.java:458)
at org.testng.internal.Invoker.invokeConfigurations(Invoker.java:222)
at org.testng.internal.Invoker.invokeConfigurations(Invoker.java:142)
at org.testng.internal.TestMethodWorker.invokeBeforeClassMethods(TestMethodWorker.java:168)
at org.testng.internal.TestMethodWorker.run(TestMethodWorker.java:105)
at org.testng.TestRunner.privateRun(TestRunner.java:648)
at org.testng.TestRunner.run(TestRunner.java:505)
at org.testng.SuiteRunner.runTest(SuiteRunner.java:455)
at org.testng.SuiteRunner.runSequentially(SuiteRunner.java:450)
at org.testng.SuiteRunner.privateRun(SuiteRunner.java:415)
at org.testng.SuiteRunner.run(SuiteRunner.java:364)
at org.testng.SuiteRunnerWorker.runSuite(SuiteRunnerWorker.java:52)
at org.testng.SuiteRunnerWorker.run(SuiteRunnerWorker.java:84)
at org.testng.TestNG.runSuitesSequentially(TestNG.java:1208)
at org.testng.TestNG.runSuitesLocally(TestNG.java:1137)
at org.testng.TestNG.runSuites(TestNG.java:1049)
at org.testng.TestNG.run(TestNG.java:1017)
at org.testng.remote.AbstractRemoteTestNG.run(AbstractRemoteTestNG.java:115)
at org.testng.remote.RemoteTestNG.initAndRun(RemoteTestNG.java:251)
at org.testng.remote.RemoteTestNG.main(RemoteTestNG.java:77)
Caused by: java.lang.ClassNotFoundException: org.apache.commons.compress.archivers.ArchiveException
at java.net.URLClassLoader.findClass(URLClassLoader.java:382)
at java.lang.ClassLoader.loadClass(ClassLoader.java:424)
at sun.misc.Launcher$AppClassLoader.loadClass(Launcher.java:349)
at java.lang.ClassLoader.loadClass(ClassLoader.java:357)
... 36 more
]]>
            </full-stacktrace>
          </exception> <!-- java.lang.NoClassDefFoundError -->
          <reporter-output>
          </reporter-output>
        </test-method> <!-- before -->
        <test-method status="SKIP" signature="TC_01_Register()[pri:0, instance:tiki.atantis.user.Register@7c16905e]" name="TC_01_Register" duration-ms="0" started-at="2020-09-26T09:04:59Z" finished-at="2020-09-26T09:04:59Z">
          <exception class="java.lang.NoClassDefFoundError">
            <message>
              <![CDATA[org/apache/commons/compress/archivers/ArchiveException]]>
            </message>
            <full-stacktrace>
              <![CDATA[java.lang.NoClassDefFoundError: org/apache/commons/compress/archivers/ArchiveException
at org.rauschig.jarchivelib.ArchiverFactory.createArchiver(ArchiverFactory.java:97)
at io.github.bonigarcia.wdm.online.Downloader.unTarGz(Downloader.java:268)
at io.github.bonigarcia.wdm.online.Downloader.extract(Downloader.java:183)
at io.github.bonigarcia.wdm.online.Downloader.downloadAndExtract(Downloader.java:134)
at io.github.bonigarcia.wdm.online.Downloader.download(Downloader.java:88)
at io.github.bonigarcia.wdm.WebDriverManager.download(WebDriverManager.java:630)
at io.github.bonigarcia.wdm.WebDriverManager.manage(WebDriverManager.java:549)
at io.github.bonigarcia.wdm.WebDriverManager.setup(WebDriverManager.java:285)
at commons.AbstractTest.getBrowserDriver(AbstractTest.java:22)
at tiki.atantis.user.Register.before(Register.java:36)
at sun.reflect.NativeMethodAccessorImpl.invoke0(Native Method)
at sun.reflect.NativeMethodAccessorImpl.invoke(NativeMethodAccessorImpl.java:62)
at sun.reflect.DelegatingMethodAccessorImpl.invoke(DelegatingMethodAccessorImpl.java:43)
at java.lang.reflect.Method.invoke(Method.java:498)
at org.testng.internal.MethodInvocationHelper.invokeMethod(MethodInvocationHelper.java:124)
at org.testng.internal.MethodInvocationHelper.invokeMethodConsideringTimeout(MethodInvocationHelper.java:59)
at org.testng.internal.Invoker.invokeConfigurationMethod(Invoker.java:458)
at org.testng.internal.Invoker.invokeConfigurations(Invoker.java:222)
at org.testng.internal.Invoker.invokeConfigurations(Invoker.java:142)
at org.testng.internal.TestMethodWorker.invokeBeforeClassMethods(TestMethodWorker.java:168)
at org.testng.internal.TestMethodWorker.run(TestMethodWorker.java:105)
at org.testng.TestRunner.privateRun(TestRunner.java:648)
at org.testng.TestRunner.run(TestRunner.java:505)
at org.testng.SuiteRunner.runTest(SuiteRunner.java:455)
at org.testng.SuiteRunner.runSequentially(SuiteRunner.java:450)
at org.testng.SuiteRunner.privateRun(SuiteRunner.java:415)
at org.testng.SuiteRunner.run(SuiteRunner.java:364)
at org.testng.SuiteRunnerWorker.runSuite(SuiteRunnerWorker.java:52)
at org.testng.SuiteRunnerWorker.run(SuiteRunnerWorker.java:84)
at org.testng.TestNG.runSuitesSequentially(TestNG.java:1208)
at org.testng.TestNG.runSuitesLocally(TestNG.java:1137)
at org.testng.TestNG.runSuites(TestNG.java:1049)
at org.testng.TestNG.run(TestNG.java:1017)
at org.testng.remote.AbstractRemoteTestNG.run(AbstractRemoteTestNG.java:115)
at org.testng.remote.RemoteTestNG.initAndRun(RemoteTestNG.java:251)
at org.testng.remote.RemoteTestNG.main(RemoteTestNG.java:77)
Caused by: java.lang.ClassNotFoundException: org.apache.commons.compress.archivers.ArchiveException
at java.net.URLClassLoader.findClass(URLClassLoader.java:382)
at java.lang.ClassLoader.loadClass(ClassLoader.java:424)
at sun.misc.Launcher$AppClassLoader.loadClass(Launcher.java:349)
at java.lang.ClassLoader.loadClass(ClassLoader.java:357)
... 36 more
]]>
            </full-stacktrace>
          </exception> <!-- java.lang.NoClassDefFoundError -->
          <reporter-output>
          </reporter-output>
        </test-method> <!-- TC_01_Register -->
        <test-method status="SKIP" signature="after()[pri:0, instance:tiki.atantis.user.Register@7c16905e]" name="after" is-config="true" duration-ms="0" started-at="2020-09-26T09:04:59Z" finished-at="2020-09-26T09:04:59Z">
          <reporter-output>
          </reporter-output>
        </test-method> <!-- after -->
      </class> <!-- tiki.atantis.user.Register -->
    </test> <!-- Run on FIREFOX UI -->
    <test name="Run on CHROME UI" duration-ms="6935" started-at="2020-09-26T09:05:04Z" finished-at="2020-09-26T09:05:11Z">
      <class name="tiki.atantis.user.Register">
        <test-method status="PASS" signature="before(java.lang.String)[pri:0, instance:tiki.atantis.user.Register@29774679]" name="before" is-config="true" duration-ms="4889" started-at="2020-09-26T09:05:04Z" finished-at="2020-09-26T09:05:09Z">
          <params>
            <param index="0">
              <value>
                <![CDATA[chrome_ui]]>
              </value>
            </param>
          </params>
          <reporter-output>
          </reporter-output>
        </test-method> <!-- before -->
        <test-method status="FAIL" signature="TC_01_Register()[pri:0, instance:tiki.atantis.user.Register@29774679]" name="TC_01_Register" duration-ms="1932" started-at="2020-09-26T09:05:09Z" finished-at="2020-09-26T09:05:11Z">
          <exception class="java.lang.UnsupportedOperationException">
            <message>
              <![CDATA[You may only deselect options of a multi-select]]>
            </message>
            <full-stacktrace>
              <![CDATA[java.lang.UnsupportedOperationException: You may only deselect options of a multi-select
at org.openqa.selenium.support.ui.Select.deselectByVisibleText(Select.java:264)
at commons.AbstractPage.selectItemInDropDown(AbstractPage.java:115)
at pageObject.RegisterPageObject.selectDayDropdown(RegisterPageObject.java:41)
at tiki.atantis.user.Register.TC_01_Register(Register.java:67)
at sun.reflect.NativeMethodAccessorImpl.invoke0(Native Method)
at sun.reflect.NativeMethodAccessorImpl.invoke(NativeMethodAccessorImpl.java:62)
at sun.reflect.DelegatingMethodAccessorImpl.invoke(DelegatingMethodAccessorImpl.java:43)
at java.lang.reflect.Method.invoke(Method.java:498)
at org.testng.internal.MethodInvocationHelper.invokeMethod(MethodInvocationHelper.java:124)
at org.testng.internal.Invoker.invokeMethod(Invoker.java:583)
at org.testng.internal.Invoker.invokeTestMethod(Invoker.java:719)
at org.testng.internal.Invoker.invokeTestMethods(Invoker.java:989)
at org.testng.internal.TestMethodWorker.invokeTestMethods(TestMethodWorker.java:125)
at org.testng.internal.TestMethodWorker.run(TestMethodWorker.java:109)
at org.testng.TestRunner.privateRun(TestRunner.java:648)
at org.testng.TestRunner.run(TestRunner.java:505)
at org.testng.SuiteRunner.runTest(SuiteRunner.java:455)
at org.testng.SuiteRunner.runSequentially(SuiteRunner.java:450)
at org.testng.SuiteRunner.privateRun(SuiteRunner.java:415)
at org.testng.SuiteRunner.run(SuiteRunner.java:364)
at org.testng.SuiteRunnerWorker.runSuite(SuiteRunnerWorker.java:52)
at org.testng.SuiteRunnerWorker.run(SuiteRunnerWorker.java:84)
at org.testng.TestNG.runSuitesSequentially(TestNG.java:1208)
at org.testng.TestNG.runSuitesLocally(TestNG.java:1137)
at org.testng.TestNG.runSuites(TestNG.java:1049)
at org.testng.TestNG.run(TestNG.java:1017)
at org.testng.remote.AbstractRemoteTestNG.run(AbstractRemoteTestNG.java:115)
at org.testng.remote.RemoteTestNG.initAndRun(RemoteTestNG.java:251)
at org.testng.remote.RemoteTestNG.main(RemoteTestNG.java:77)
]]>
            </full-stacktrace>
          </exception> <!-- java.lang.UnsupportedOperationException -->
          <reporter-output>
          </reporter-output>
        </test-method> <!-- TC_01_Register -->
        <test-method status="PASS" signature="after()[pri:0, instance:tiki.atantis.user.Register@29774679]" name="after" is-config="true" duration-ms="110" started-at="2020-09-26T09:05:11Z" finished-at="2020-09-26T09:05:11Z">
          <reporter-output>
          </reporter-output>
        </test-method> <!-- after -->
      </class> <!-- tiki.atantis.user.Register -->
    </test> <!-- Run on CHROME UI -->
    <test name="Run on CHROME HEADLESS" duration-ms="4286" started-at="2020-09-26T09:05:16Z" finished-at="2020-09-26T09:05:20Z">
      <class name="tiki.atantis.user.Register">
        <test-method status="PASS" signature="before(java.lang.String)[pri:0, instance:tiki.atantis.user.Register@59f99ea]" name="before" is-config="true" duration-ms="2361" started-at="2020-09-26T09:05:16Z" finished-at="2020-09-26T09:05:19Z">
          <params>
            <param index="0">
              <value>
                <![CDATA[chrome_headless]]>
              </value>
            </param>
          </params>
          <reporter-output>
          </reporter-output>
        </test-method> <!-- before -->
        <test-method status="FAIL" signature="TC_01_Register()[pri:0, instance:tiki.atantis.user.Register@59f99ea]" name="TC_01_Register" duration-ms="1835" started-at="2020-09-26T09:05:19Z" finished-at="2020-09-26T09:05:20Z">
          <exception class="java.lang.UnsupportedOperationException">
            <message>
              <![CDATA[You may only deselect options of a multi-select]]>
            </message>
            <full-stacktrace>
              <![CDATA[java.lang.UnsupportedOperationException: You may only deselect options of a multi-select
at org.openqa.selenium.support.ui.Select.deselectByVisibleText(Select.java:264)
at commons.AbstractPage.selectItemInDropDown(AbstractPage.java:115)
at pageObject.RegisterPageObject.selectDayDropdown(RegisterPageObject.java:41)
at tiki.atantis.user.Register.TC_01_Register(Register.java:67)
at sun.reflect.NativeMethodAccessorImpl.invoke0(Native Method)
at sun.reflect.NativeMethodAccessorImpl.invoke(NativeMethodAccessorImpl.java:62)
at sun.reflect.DelegatingMethodAccessorImpl.invoke(DelegatingMethodAccessorImpl.java:43)
at java.lang.reflect.Method.invoke(Method.java:498)
at org.testng.internal.MethodInvocationHelper.invokeMethod(MethodInvocationHelper.java:124)
at org.testng.internal.Invoker.invokeMethod(Invoker.java:583)
at org.testng.internal.Invoker.invokeTestMethod(Invoker.java:719)
at org.testng.internal.Invoker.invokeTestMethods(Invoker.java:989)
at org.testng.internal.TestMethodWorker.invokeTestMethods(TestMethodWorker.java:125)
at org.testng.internal.TestMethodWorker.run(TestMethodWorker.java:109)
at org.testng.TestRunner.privateRun(TestRunner.java:648)
at org.testng.TestRunner.run(TestRunner.java:505)
at org.testng.SuiteRunner.runTest(SuiteRunner.java:455)
at org.testng.SuiteRunner.runSequentially(SuiteRunner.java:450)
at org.testng.SuiteRunner.privateRun(SuiteRunner.java:415)
at org.testng.SuiteRunner.run(SuiteRunner.java:364)
at org.testng.SuiteRunnerWorker.runSuite(SuiteRunnerWorker.java:52)
at org.testng.SuiteRunnerWorker.run(SuiteRunnerWorker.java:84)
at org.testng.TestNG.runSuitesSequentially(TestNG.java:1208)
at org.testng.TestNG.runSuitesLocally(TestNG.java:1137)
at org.testng.TestNG.runSuites(TestNG.java:1049)
at org.testng.TestNG.run(TestNG.java:1017)
at org.testng.remote.AbstractRemoteTestNG.run(AbstractRemoteTestNG.java:115)
at org.testng.remote.RemoteTestNG.initAndRun(RemoteTestNG.java:251)
at org.testng.remote.RemoteTestNG.main(RemoteTestNG.java:77)
]]>
            </full-stacktrace>
          </exception> <!-- java.lang.UnsupportedOperationException -->
          <reporter-output>
          </reporter-output>
        </test-method> <!-- TC_01_Register -->
        <test-method status="PASS" signature="after()[pri:0, instance:tiki.atantis.user.Register@59f99ea]" name="after" is-config="true" duration-ms="84" started-at="2020-09-26T09:05:20Z" finished-at="2020-09-26T09:05:20Z">
          <reporter-output>
          </reporter-output>
        </test-method> <!-- after -->
      </class> <!-- tiki.atantis.user.Register -->
    </test> <!-- Run on CHROME HEADLESS -->
    <test name="Run on FIREFOX HEADLESS" duration-ms="9443" started-at="2020-09-26T09:05:25Z" finished-at="2020-09-26T09:05:35Z">
      <class name="tiki.atantis.user.Register">
        <test-method status="FAIL" signature="before(java.lang.String)[pri:0, instance:tiki.atantis.user.Register@1e88b3c]" name="before" is-config="true" duration-ms="9435" started-at="2020-09-26T09:05:25Z" finished-at="2020-09-26T09:05:35Z">
          <params>
            <param index="0">
              <value>
                <![CDATA[firefox_headless]]>
              </value>
            </param>
          </params>
          <exception class="java.lang.NoClassDefFoundError">
            <message>
              <![CDATA[org/apache/commons/compress/archivers/ArchiveException]]>
            </message>
            <full-stacktrace>
              <![CDATA[java.lang.NoClassDefFoundError: org/apache/commons/compress/archivers/ArchiveException
at org.rauschig.jarchivelib.ArchiverFactory.createArchiver(ArchiverFactory.java:97)
at io.github.bonigarcia.wdm.online.Downloader.unTarGz(Downloader.java:268)
at io.github.bonigarcia.wdm.online.Downloader.extract(Downloader.java:183)
at io.github.bonigarcia.wdm.online.Downloader.downloadAndExtract(Downloader.java:134)
at io.github.bonigarcia.wdm.online.Downloader.download(Downloader.java:88)
at io.github.bonigarcia.wdm.WebDriverManager.download(WebDriverManager.java:630)
at io.github.bonigarcia.wdm.WebDriverManager.manage(WebDriverManager.java:549)
at io.github.bonigarcia.wdm.WebDriverManager.setup(WebDriverManager.java:285)
at commons.AbstractTest.getBrowserDriver(AbstractTest.java:35)
at tiki.atantis.user.Register.before(Register.java:36)
at sun.reflect.NativeMethodAccessorImpl.invoke0(Native Method)
at sun.reflect.NativeMethodAccessorImpl.invoke(NativeMethodAccessorImpl.java:62)
at sun.reflect.DelegatingMethodAccessorImpl.invoke(DelegatingMethodAccessorImpl.java:43)
at java.lang.reflect.Method.invoke(Method.java:498)
at org.testng.internal.MethodInvocationHelper.invokeMethod(MethodInvocationHelper.java:124)
at org.testng.internal.MethodInvocationHelper.invokeMethodConsideringTimeout(MethodInvocationHelper.java:59)
at org.testng.internal.Invoker.invokeConfigurationMethod(Invoker.java:458)
at org.testng.internal.Invoker.invokeConfigurations(Invoker.java:222)
at org.testng.internal.Invoker.invokeConfigurations(Invoker.java:142)
at org.testng.internal.TestMethodWorker.invokeBeforeClassMethods(TestMethodWorker.java:168)
at org.testng.internal.TestMethodWorker.run(TestMethodWorker.java:105)
at org.testng.TestRunner.privateRun(TestRunner.java:648)
at org.testng.TestRunner.run(TestRunner.java:505)
at org.testng.SuiteRunner.runTest(SuiteRunner.java:455)
at org.testng.SuiteRunner.runSequentially(SuiteRunner.java:450)
at org.testng.SuiteRunner.privateRun(SuiteRunner.java:415)
at org.testng.SuiteRunner.run(SuiteRunner.java:364)
at org.testng.SuiteRunnerWorker.runSuite(SuiteRunnerWorker.java:52)
at org.testng.SuiteRunnerWorker.run(SuiteRunnerWorker.java:84)
at org.testng.TestNG.runSuitesSequentially(TestNG.java:1208)
at org.testng.TestNG.runSuitesLocally(TestNG.java:1137)
at org.testng.TestNG.runSuites(TestNG.java:1049)
at org.testng.TestNG.run(TestNG.java:1017)
at org.testng.remote.AbstractRemoteTestNG.run(AbstractRemoteTestNG.java:115)
at org.testng.remote.RemoteTestNG.initAndRun(RemoteTestNG.java:251)
at org.testng.remote.RemoteTestNG.main(RemoteTestNG.java:77)
Caused by: java.lang.ClassNotFoundException: org.apache.commons.compress.archivers.ArchiveException
at java.net.URLClassLoader.findClass(URLClassLoader.java:382)
at java.lang.ClassLoader.loadClass(ClassLoader.java:424)
at sun.misc.Launcher$AppClassLoader.loadClass(Launcher.java:349)
at java.lang.ClassLoader.loadClass(ClassLoader.java:357)
... 36 more
]]>
            </full-stacktrace>
          </exception> <!-- java.lang.NoClassDefFoundError -->
          <reporter-output>
          </reporter-output>
        </test-method> <!-- before -->
        <test-method status="SKIP" signature="TC_01_Register()[pri:0, instance:tiki.atantis.user.Register@1e88b3c]" name="TC_01_Register" duration-ms="0" started-at="2020-09-26T09:05:35Z" finished-at="2020-09-26T09:05:35Z">
          <exception class="java.lang.NoClassDefFoundError">
            <message>
              <![CDATA[org/apache/commons/compress/archivers/ArchiveException]]>
            </message>
            <full-stacktrace>
              <![CDATA[java.lang.NoClassDefFoundError: org/apache/commons/compress/archivers/ArchiveException
at org.rauschig.jarchivelib.ArchiverFactory.createArchiver(ArchiverFactory.java:97)
at io.github.bonigarcia.wdm.online.Downloader.unTarGz(Downloader.java:268)
at io.github.bonigarcia.wdm.online.Downloader.extract(Downloader.java:183)
at io.github.bonigarcia.wdm.online.Downloader.downloadAndExtract(Downloader.java:134)
at io.github.bonigarcia.wdm.online.Downloader.download(Downloader.java:88)
at io.github.bonigarcia.wdm.WebDriverManager.download(WebDriverManager.java:630)
at io.github.bonigarcia.wdm.WebDriverManager.manage(WebDriverManager.java:549)
at io.github.bonigarcia.wdm.WebDriverManager.setup(WebDriverManager.java:285)
at commons.AbstractTest.getBrowserDriver(AbstractTest.java:35)
at tiki.atantis.user.Register.before(Register.java:36)
at sun.reflect.NativeMethodAccessorImpl.invoke0(Native Method)
at sun.reflect.NativeMethodAccessorImpl.invoke(NativeMethodAccessorImpl.java:62)
at sun.reflect.DelegatingMethodAccessorImpl.invoke(DelegatingMethodAccessorImpl.java:43)
at java.lang.reflect.Method.invoke(Method.java:498)
at org.testng.internal.MethodInvocationHelper.invokeMethod(MethodInvocationHelper.java:124)
at org.testng.internal.MethodInvocationHelper.invokeMethodConsideringTimeout(MethodInvocationHelper.java:59)
at org.testng.internal.Invoker.invokeConfigurationMethod(Invoker.java:458)
at org.testng.internal.Invoker.invokeConfigurations(Invoker.java:222)
at org.testng.internal.Invoker.invokeConfigurations(Invoker.java:142)
at org.testng.internal.TestMethodWorker.invokeBeforeClassMethods(TestMethodWorker.java:168)
at org.testng.internal.TestMethodWorker.run(TestMethodWorker.java:105)
at org.testng.TestRunner.privateRun(TestRunner.java:648)
at org.testng.TestRunner.run(TestRunner.java:505)
at org.testng.SuiteRunner.runTest(SuiteRunner.java:455)
at org.testng.SuiteRunner.runSequentially(SuiteRunner.java:450)
at org.testng.SuiteRunner.privateRun(SuiteRunner.java:415)
at org.testng.SuiteRunner.run(SuiteRunner.java:364)
at org.testng.SuiteRunnerWorker.runSuite(SuiteRunnerWorker.java:52)
at org.testng.SuiteRunnerWorker.run(SuiteRunnerWorker.java:84)
at org.testng.TestNG.runSuitesSequentially(TestNG.java:1208)
at org.testng.TestNG.runSuitesLocally(TestNG.java:1137)
at org.testng.TestNG.runSuites(TestNG.java:1049)
at org.testng.TestNG.run(TestNG.java:1017)
at org.testng.remote.AbstractRemoteTestNG.run(AbstractRemoteTestNG.java:115)
at org.testng.remote.RemoteTestNG.initAndRun(RemoteTestNG.java:251)
at org.testng.remote.RemoteTestNG.main(RemoteTestNG.java:77)
Caused by: java.lang.ClassNotFoundException: org.apache.commons.compress.archivers.ArchiveException
at java.net.URLClassLoader.findClass(URLClassLoader.java:382)
at java.lang.ClassLoader.loadClass(ClassLoader.java:424)
at sun.misc.Launcher$AppClassLoader.loadClass(Launcher.java:349)
at java.lang.ClassLoader.loadClass(ClassLoader.java:357)
... 36 more
]]>
            </full-stacktrace>
          </exception> <!-- java.lang.NoClassDefFoundError -->
          <reporter-output>
          </reporter-output>
        </test-method> <!-- TC_01_Register -->
        <test-method status="SKIP" signature="after()[pri:0, instance:tiki.atantis.user.Register@1e88b3c]" name="after" is-config="true" duration-ms="0" started-at="2020-09-26T09:05:35Z" finished-at="2020-09-26T09:05:35Z">
          <reporter-output>
          </reporter-output>
        </test-method> <!-- after -->
      </class> <!-- tiki.atantis.user.Register -->
    </test> <!-- Run on FIREFOX HEADLESS -->
  </suite> <!-- Nopcommerce -->
</testng-results>
